<?xml version="1.0" encoding="UTF-8"?>
<!-- Generated by org.testng.reporters.JUnitXMLReporter -->
<testsuite ignored="5" hostname="SasikiranKakara" failures="0" tests="1" name="Default test" time="1.078" errors="0" timestamp="2026-09-27T00:35:59 IST">
  <testcase classname="org.eventhub.tests.EventHubLogins" name="testName" time="1.046"/>
  <testcase classname="org.eventhub.tests.EventHubLogins" name="scenarioTwo" time="0.0">
    <ignored/>
  </testcase> <!-- scenarioTwo -->
  <testcase classname="org.eventhub.tests.EventHubLogins" name="RegistrationFormOne" time="0.0">
    <ignored/>
  </testcase> <!-- RegistrationFormOne -->
  <testcase classname="org.eventhub.tests.EventHubLogins" name="successLogin" time="0.0">
    <ignored/>
  </testcase> <!-- successLogin -->
  <testcase classname="org.eventhub.tests.EventHubLogins" name="RegistrationForm" time="0.0">
    <ignored/>
  </testcase> <!-- RegistrationForm -->
  <testcase classname="org.eventhub.tests.EventHubLogins" name="scenarioOne" time="0.0">
    <ignored/>
  </testcase> <!-- scenarioOne -->
</testsuite> <!-- Default test -->
