<?xml version="1.0" encoding="UTF-8"?>
<!-- Generated by org.testng.reporters.JUnitXMLReporter -->
<testsuite ignored="1" hostname="SasikiranKakara" failures="0" tests="1" name="Default test" time="0.038" errors="0" timestamp="2026-09-24T17:14:17 IST">
  <testcase classname="org.eventhub.tests.EventHubLogins" name="scenarioTwo" time="0.008"/>
  <testcase classname="org.eventhub.tests.EventHubLogins" name="scenarioOne" time="0.0">
    <ignored/>
  </testcase> <!-- scenarioOne -->
</testsuite> <!-- Default test -->
