<?xml version="1.0" encoding="UTF-8"?>
<testng-results ignored="2" total="3" passed="1" failed="0" skipped="0">
  <reporter-output>
  </reporter-output>
  <suite started-at="2026-09-24T20:43:23 IST" name="Default suite" finished-at="2026-09-24T20:43:23 IST" duration-ms="306">
    <groups>
    </groups>
    <test started-at="2026-09-24T20:43:23 IST" name="Default test" finished-at="2026-09-24T20:43:23 IST" duration-ms="306">
      <class name="org.eventhub.tests.EventHubLogins">
        <test-method is-config="true" signature="inits()[pri:0, instance:org.eventhub.tests.EventHubLogins@402bba4f]" started-at="2026-09-24T20:43:22 IST" name="inits" finished-at="2026-09-24T20:43:23 IST" duration-ms="1156" status="PASS">
          <reporter-output>
          </reporter-output>
        </test-method> <!-- inits -->
        <test-method signature="RegistrationForm()[pri:0, instance:org.eventhub.tests.EventHubLogins@402bba4f]" started-at="2026-09-24T20:43:23 IST" name="RegistrationForm" finished-at="2026-09-24T20:43:23 IST" duration-ms="275" status="PASS">
          <reporter-output>
          </reporter-output>
        </test-method> <!-- RegistrationForm -->
      </class> <!-- org.eventhub.tests.EventHubLogins -->
    </test> <!-- Default test -->
  </suite> <!-- Default suite -->
</testng-results>
