<?xml version="1.0" encoding="UTF-8"?>
<testng-results ignored="5" total="6" passed="1" failed="0" skipped="0">
  <reporter-output>
  </reporter-output>
  <suite started-at="2026-09-27T00:35:58 IST" name="Default suite" finished-at="2026-09-27T00:35:59 IST" duration-ms="1078">
    <groups>
    </groups>
    <test started-at="2026-09-27T00:35:58 IST" name="Default test" finished-at="2026-09-27T00:35:59 IST" duration-ms="1078">
      <class name="org.eventhub.tests.EventHubLogins">
        <test-method is-config="true" signature="inits()[pri:0, instance:org.eventhub.tests.EventHubLogins@59fd97a8]" started-at="2026-09-27T00:35:57 IST" name="inits" finished-at="2026-09-27T00:35:58 IST" duration-ms="1133" status="PASS">
          <reporter-output>
          </reporter-output>
        </test-method> <!-- inits -->
        <test-method signature="testName()[pri:0, instance:org.eventhub.tests.EventHubLogins@59fd97a8]" started-at="2026-09-27T00:35:58 IST" name="testName" finished-at="2026-09-27T00:35:59 IST" duration-ms="1046" status="PASS">
          <reporter-output>
          </reporter-output>
        </test-method> <!-- testName -->
      </class> <!-- org.eventhub.tests.EventHubLogins -->
    </test> <!-- Default test -->
  </suite> <!-- Default suite -->
</testng-results>
